<?xml version="1.0" encoding="UTF-8"?>
<!-- Generated by org.testng.reporters.JUnitReportReporter -->
<testsuite skipped="0" hostname="Suyashs-MacBook-Pro.local" name="com.test.automation.uiAutomation.addToCart.TC001_VerifyAddToCart" tests="1" failures="0" timestamp="11 Jul 2017 05:13:04 GMT" time="5.202" errors="0">
  <testcase name="verifyAddToCart" time="5.202" classname="com.test.automation.uiAutomation.addToCart.TC001_VerifyAddToCart"/>
</testsuite> <!-- com.test.automation.uiAutomation.addToCart.TC001_VerifyAddToCart -->
