<?xml version="1.0" encoding="UTF-8"?>
<!-- Generated by org.testng.reporters.JUnitReportReporter -->
<testsuite skipped="0" hostname="Suyashs-MacBook-Pro.local" name="com.test.automation.uiAutomation.homepage.TC003_VerifyLoginWithDifferentRecords" tests="7" failures="0" timestamp="08 Jul 2017 23:08:25 GMT" time="5753.858" errors="0">
  <testcase name="testLoginWithDifferentRecords" time="123.970" classname="com.test.automation.uiAutomation.homepage.TC003_VerifyLoginWithDifferentRecords"/>
  <testcase name="testLoginWithDifferentRecords" time="123.884" classname="com.test.automation.uiAutomation.homepage.TC003_VerifyLoginWithDifferentRecords"/>
  <testcase name="testLoginWithDifferentRecords" time="123.970" classname="com.test.automation.uiAutomation.homepage.TC003_VerifyLoginWithDifferentRecords"/>
  <testcase name="testLoginWithDifferentRecords" time="124.133" classname="com.test.automation.uiAutomation.homepage.TC003_VerifyLoginWithDifferentRecords"/>
  <testcase name="testLoginWithDifferentRecords" time="5010.571" classname="com.test.automation.uiAutomation.homepage.TC003_VerifyLoginWithDifferentRecords"/>
  <testcase name="testLoginWithDifferentRecords" time="123.909" classname="com.test.automation.uiAutomation.homepage.TC003_VerifyLoginWithDifferentRecords"/>
  <testcase name="testLoginWithDifferentRecords" time="123.421" classname="com.test.automation.uiAutomation.homepage.TC003_VerifyLoginWithDifferentRecords"/>
</testsuite> <!-- com.test.automation.uiAutomation.homepage.TC003_VerifyLoginWithDifferentRecords -->
