<?xml version="1.0" encoding="UTF-8"?>
<!-- Generated by org.testng.reporters.JUnitReportReporter -->
<testsuite skipped="0" hostname="Suyashs-MacBook-Pro.local" name="com.test.automation.uiAutomation.homepage.TC002_VerifyRegistration" tests="1" failures="0" timestamp="06 Jul 2017 23:52:44 GMT" time="67.083" errors="0">
  <testcase name="verifyRegistration" time="67.083" classname="com.test.automation.uiAutomation.homepage.TC002_VerifyRegistration"/>
</testsuite> <!-- com.test.automation.uiAutomation.homepage.TC002_VerifyRegistration -->
