<?xml version="1.0" encoding="UTF-8"?>
<!-- Generated by org.testng.reporters.JUnitReportReporter -->
<testsuite skipped="0" hostname="Suyashs-MacBook-Pro.local" name="com.test.automation.uiAutomation.homepage.TC001_VerifyLoginWithInvalidCredentials" tests="1" failures="0" timestamp="08 Jun 2017 05:49:34 GMT" time="2.596" errors="0">
  <testcase name="verifyLoginWithInvalidCredentials" time="2.596" classname="com.test.automation.uiAutomation.homepage.TC001_VerifyLoginWithInvalidCredentials"/>
</testsuite> <!-- com.test.automation.uiAutomation.homepage.TC001_VerifyLoginWithInvalidCredentials -->
