<?xml version="1.0" encoding="UTF-8"?>
<!-- Generated by org.testng.reporters.JUnitReportReporter -->
<testsuite skipped="0" hostname="Suyashs-MacBook-Pro.local" name="com.test.automation.uiAutomation.addToCart.TC001_VerifyAddToCart" tests="1" failures="0" timestamp="22 Jul 2017 03:34:35 GMT" time="3.183" errors="0">
  <testcase name="verifyAddToCart" time="3.183" classname="com.test.automation.uiAutomation.addToCart.TC001_VerifyAddToCart"/>
</testsuite> <!-- com.test.automation.uiAutomation.addToCart.TC001_VerifyAddToCart -->
